<?xml version='1.0' encoding='UTF-8'?>
<testsuite hostname="Anastasiias-MBP.fritz.box" name="services.PetServiceTest" tests="6" errors="0" failures="0" skipped="0" time="0.005" timestamp="2024-04-21T20:16:09">
          <properties>
[...]
</properties>
          <testcase classname="services.PetServiceTest" name="PetService should create a new pet" time="0.003">
                      
                    </testcase><testcase classname="services.PetServiceTest" name="PetService should get an existing pet" time="0.001">
                      
                    </testcase><testcase classname="services.PetServiceTest" name="PetService should return None for a non-existing pet" time="0.0">
                      
                    </testcase><testcase classname="services.PetServiceTest" name="PetService should update an existing pet" time="0.0">
                      
                    </testcase><testcase classname="services.PetServiceTest" name="PetService should delete an existing pet" time="0.001">
                      
                    </testcase><testcase classname="services.PetServiceTest" name="PetService should delete a non-existing pet" time="0.0">
                      
                    </testcase>
          <system-out><![CDATA[]]></system-out>
          <system-err><![CDATA[]]></system-err>
        </testsuite>